<?xml version="1.0" encoding="UTF-8"?>
<testng-results skipped="0" failed="0" ignored="0" total="1" passed="1">
  <reporter-output>
  </reporter-output>
  <suite name="Default suite" duration-ms="21392" started-at="2019-11-18T12:12:02 EST" finished-at="2019-11-18T12:12:24 EST">
    <groups>
    </groups>
    <test name="Default test" duration-ms="21392" started-at="2019-11-18T12:12:02 EST" finished-at="2019-11-18T12:12:24 EST">
      <class name="org.tsn.repo.automationframework.core.BaseSetup">
        <test-method status="PASS" signature="initDriver()[pri:0, instance:org.tsn.repo.automationframework.core.BaseSetup@614ddd49]" name="initDriver" is-config="true" duration-ms="20143" started-at="2019-11-18T12:12:02 EST" finished-at="2019-11-18T12:12:22 EST">
          <reporter-output>
          </reporter-output>
        </test-method> <!-- initDriver -->
        <test-method status="PASS" signature="printfd()[pri:0, instance:org.tsn.repo.automationframework.core.BaseSetup@614ddd49]" name="printfd" duration-ms="9" started-at="2019-11-18T12:12:22 EST" finished-at="2019-11-18T12:12:22 EST">
          <reporter-output>
          </reporter-output>
        </test-method> <!-- printfd -->
        <test-method status="PASS" signature="tearDown()[pri:0, instance:org.tsn.repo.automationframework.core.BaseSetup@614ddd49]" name="tearDown" is-config="true" duration-ms="1178" started-at="2019-11-18T12:12:22 EST" finished-at="2019-11-18T12:12:24 EST">
          <reporter-output>
          </reporter-output>
        </test-method> <!-- tearDown -->
      </class> <!-- org.tsn.repo.automationframework.core.BaseSetup -->
    </test> <!-- Default test -->
  </suite> <!-- Default suite -->
</testng-results>
